<?xml version="1.0" encoding="UTF-8"?>
<coverage generated="1776290630592" clover="3.2.0">
  <project timestamp="1776290630592" name="All files">
    <metrics statements="46" coveredstatements="46" conditionals="44" coveredconditionals="44" methods="6" coveredmethods="6" elements="96" coveredelements="96" complexity="0" loc="46" ncloc="46" packages="1" files="2" classes="2"/>
    <file name="createEnv.ts" path="C:\Users\ASUS\Documents\Programming\env-guard\src\createEnv.ts">
      <metrics statements="20" coveredstatements="20" conditionals="22" coveredconditionals="22" methods="1" coveredmethods="1"/>
      <line num="5" count="1" type="stmt"/>
      <line num="11" count="8" type="stmt"/>
      <line num="14" count="8" type="cond" truecount="4" falsecount="0"/>
      <line num="15" count="2" type="cond" truecount="2" falsecount="0"/>
      <line num="17" count="2" type="stmt"/>
      <line num="18" count="4" type="cond" truecount="4" falsecount="0"/>
      <line num="20" count="3" type="cond" truecount="2" falsecount="0"/>
      <line num="21" count="1" type="stmt"/>
      <line num="27" count="7" type="stmt"/>
      <line num="28" count="10" type="stmt"/>
      <line num="29" count="10" type="stmt"/>
      <line num="31" count="10" type="cond" truecount="2" falsecount="0"/>
      <line num="33" count="9" type="cond" truecount="4" falsecount="0"/>
      <line num="34" count="3" type="cond" truecount="2" falsecount="0"/>
      <line num="35" count="1" type="stmt"/>
      <line num="36" count="2" type="cond" truecount="2" falsecount="0"/>
      <line num="37" count="1" type="stmt"/>
      <line num="41" count="8" type="stmt"/>
      <line num="43" count="7" type="stmt"/>
      <line num="46" count="5" type="stmt"/>
    </file>
    <file name="parseValue.ts" path="C:\Users\ASUS\Documents\Programming\env-guard\src\parseValue.ts">
      <metrics statements="26" coveredstatements="26" conditionals="22" coveredconditionals="22" methods="5" coveredmethods="5"/>
      <line num="16" count="6" type="stmt"/>
      <line num="24" count="5" type="cond" truecount="2" falsecount="0"/>
      <line num="26" count="5" type="cond" truecount="2" falsecount="0"/>
      <line num="27" count="1" type="stmt"/>
      <line num="30" count="4" type="stmt"/>
      <line num="35" count="5" type="cond" truecount="2" falsecount="0"/>
      <line num="37" count="4" type="stmt"/>
      <line num="39" count="4" type="cond" truecount="2" falsecount="0"/>
      <line num="40" count="3" type="cond" truecount="2" falsecount="0"/>
      <line num="42" count="1" type="stmt"/>
      <line num="47" count="4" type="stmt"/>
      <line num="60" count="17" type="cond" truecount="4" falsecount="0"/>
      <line num="61" count="2" type="stmt"/>
      <line num="66" count="15" type="cond" truecount="4" falsecount="0"/>
      <line num="68" count="5" type="stmt"/>
      <line num="69" count="4" type="stmt"/>
      <line num="72" count="5" type="stmt"/>
      <line num="73" count="4" type="stmt"/>
      <line num="76" count="4" type="stmt"/>
      <line num="77" count="4" type="stmt"/>
      <line num="80" count="1" type="stmt"/>
      <line num="86" count="12" type="cond" truecount="2" falsecount="0"/>
      <line num="87" count="2" type="stmt"/>
      <line num="89" count="2" type="cond" truecount="2" falsecount="0"/>
      <line num="90" count="1" type="stmt"/>
      <line num="97" count="11" type="stmt"/>
    </file>
  </project>
</coverage>
