{"C:\\Users\\ASUS\\Documents\\Programming\\env-guard\\src\\createEnv.ts": {"path":"C:\\Users\\ASUS\\Documents\\Programming\\env-guard\\src\\createEnv.ts","statementMap":{"0":{"start":{"line":5,"column":0},"end":{"line":5,"column":31}},"1":{"start":{"line":11,"column":39},"end":{"line":11,"column":41}},"2":{"start":{"line":14,"column":2},"end":{"line":24,"column":3}},"3":{"start":{"line":15,"column":19},"end":{"line":15,"column":39}},"4":{"start":{"line":17,"column":4},"end":{"line":23,"column":5}},"5":{"start":{"line":18,"column":6},"end":{"line":18,"column":54}},"6":{"start":{"line":18,"column":45},"end":{"line":18,"column":54}},"7":{"start":{"line":20,"column":6},"end":{"line":22,"column":7}},"8":{"start":{"line":21,"column":8},"end":{"line":21,"column":56}},"9":{"start":{"line":27,"column":2},"end":{"line":44,"column":3}},"10":{"start":{"line":28,"column":19},"end":{"line":28,"column":30}},"11":{"start":{"line":29,"column":25},"end":{"line":29,"column":41}},"12":{"start":{"line":31,"column":4},"end":{"line":31,"column":26}},"13":{"start":{"line":31,"column":17},"end":{"line":31,"column":26}},"14":{"start":{"line":33,"column":4},"end":{"line":39,"column":5}},"15":{"start":{"line":34,"column":6},"end":{"line":38,"column":7}},"16":{"start":{"line":35,"column":8},"end":{"line":35,"column":31}},"17":{"start":{"line":36,"column":13},"end":{"line":38,"column":7}},"18":{"start":{"line":37,"column":8},"end":{"line":37,"column":56}},"19":{"start":{"line":41,"column":19},"end":{"line":41,"column":49}},"20":{"start":{"line":43,"column":5},"end":{"line":43,"column":34}},"21":{"start":{"line":46,"column":2},"end":{"line":46,"column":31}}},"fnMap":{"0":{"name":"createEnv","decl":{"start":{"line":7,"column":16},"end":{"line":7,"column":25}},"loc":{"start":{"line":9,"column":22},"end":{"line":47,"column":1}}}},"branchMap":{"0":{"loc":{"start":{"line":14,"column":2},"end":{"line":24,"column":3}},"type":"if","locations":[{"start":{"line":14,"column":2},"end":{"line":24,"column":3}},{"start":{},"end":{}}]},"1":{"loc":{"start":{"line":14,"column":6},"end":{"line":14,"column":31}},"type":"binary-expr","locations":[{"start":{"line":14,"column":6},"end":{"line":14,"column":13}},{"start":{"line":14,"column":17},"end":{"line":14,"column":31}}]},"2":{"loc":{"start":{"line":15,"column":19},"end":{"line":15,"column":39}},"type":"binary-expr","locations":[{"start":{"line":15,"column":19},"end":{"line":15,"column":33}},{"start":{"line":15,"column":37},"end":{"line":15,"column":39}}]},"3":{"loc":{"start":{"line":18,"column":6},"end":{"line":18,"column":54}},"type":"if","locations":[{"start":{"line":18,"column":6},"end":{"line":18,"column":54}},{"start":{},"end":{}}]},"4":{"loc":{"start":{"line":18,"column":10},"end":{"line":18,"column":43}},"type":"binary-expr","locations":[{"start":{"line":18,"column":10},"end":{"line":18,"column":16}},{"start":{"line":18,"column":20},"end":{"line":18,"column":43}}]},"5":{"loc":{"start":{"line":20,"column":6},"end":{"line":22,"column":7}},"type":"if","locations":[{"start":{"line":20,"column":6},"end":{"line":22,"column":7}},{"start":{},"end":{}}]},"6":{"loc":{"start":{"line":31,"column":4},"end":{"line":31,"column":26}},"type":"if","locations":[{"start":{"line":31,"column":4},"end":{"line":31,"column":26}},{"start":{},"end":{}}]},"7":{"loc":{"start":{"line":33,"column":4},"end":{"line":39,"column":5}},"type":"if","locations":[{"start":{"line":33,"column":4},"end":{"line":39,"column":5}},{"start":{},"end":{}}]},"8":{"loc":{"start":{"line":33,"column":8},"end":{"line":33,"column":43}},"type":"binary-expr","locations":[{"start":{"line":33,"column":8},"end":{"line":33,"column":27}},{"start":{"line":33,"column":31},"end":{"line":33,"column":43}}]},"9":{"loc":{"start":{"line":34,"column":6},"end":{"line":38,"column":7}},"type":"if","locations":[{"start":{"line":34,"column":6},"end":{"line":38,"column":7}},{"start":{"line":36,"column":13},"end":{"line":38,"column":7}}]},"10":{"loc":{"start":{"line":36,"column":13},"end":{"line":38,"column":7}},"type":"if","locations":[{"start":{"line":36,"column":13},"end":{"line":38,"column":7}},{"start":{},"end":{}}]}},"s":{"0":1,"1":8,"2":8,"3":2,"4":2,"5":4,"6":1,"7":3,"8":1,"9":7,"10":10,"11":10,"12":10,"13":1,"14":9,"15":3,"16":1,"17":2,"18":1,"19":8,"20":7,"21":5},"f":{"0":8},"b":{"0":[2,6],"1":[8,3],"2":[2,1],"3":[1,3],"4":[4,2],"5":[1,2],"6":[1,9],"7":[3,6],"8":[9,6],"9":[1,2],"10":[1,1]}}
,"C:\\Users\\ASUS\\Documents\\Programming\\env-guard\\src\\parseValue.ts": {"path":"C:\\Users\\ASUS\\Documents\\Programming\\env-guard\\src\\parseValue.ts","statementMap":{"0":{"start":{"line":16,"column":2},"end":{"line":16,"column":52}},"1":{"start":{"line":24,"column":14},"end":{"line":24,"column":63}},"2":{"start":{"line":26,"column":2},"end":{"line":28,"column":3}},"3":{"start":{"line":27,"column":4},"end":{"line":27,"column":50}},"4":{"start":{"line":30,"column":2},"end":{"line":30,"column":13}},"5":{"start":{"line":35,"column":2},"end":{"line":35,"column":47}},"6":{"start":{"line":35,"column":34},"end":{"line":35,"column":47}},"7":{"start":{"line":37,"column":21},"end":{"line":37,"column":40}},"8":{"start":{"line":39,"column":2},"end":{"line":39,"column":61}},"9":{"start":{"line":39,"column":49},"end":{"line":39,"column":61}},"10":{"start":{"line":40,"column":2},"end":{"line":40,"column":62}},"11":{"start":{"line":40,"column":49},"end":{"line":40,"column":62}},"12":{"start":{"line":42,"column":2},"end":{"line":42,"column":49}},"13":{"start":{"line":47,"column":2},"end":{"line":47,"column":23}},"14":{"start":{"line":60,"column":2},"end":{"line":62,"column":3}},"15":{"start":{"line":61,"column":4},"end":{"line":61,"column":51}},"16":{"start":{"line":66,"column":2},"end":{"line":81,"column":3}},"17":{"start":{"line":68,"column":6},"end":{"line":68,"column":49}},"18":{"start":{"line":69,"column":6},"end":{"line":69,"column":12}},"19":{"start":{"line":72,"column":6},"end":{"line":72,"column":50}},"20":{"start":{"line":73,"column":6},"end":{"line":73,"column":12}},"21":{"start":{"line":76,"column":6},"end":{"line":76,"column":37}},"22":{"start":{"line":77,"column":6},"end":{"line":77,"column":12}},"23":{"start":{"line":80,"column":6},"end":{"line":80,"column":59}},"24":{"start":{"line":86,"column":2},"end":{"line":95,"column":3}},"25":{"start":{"line":87,"column":20},"end":{"line":87,"column":47}},"26":{"start":{"line":89,"column":4},"end":{"line":94,"column":5}},"27":{"start":{"line":90,"column":6},"end":{"line":93,"column":8}},"28":{"start":{"line":97,"column":2},"end":{"line":97,"column":16}}},"fnMap":{"0":{"name":"createError","decl":{"start":{"line":15,"column":9},"end":{"line":15,"column":20}},"loc":{"start":{"line":15,"column":49},"end":{"line":17,"column":1}}},"1":{"name":"parseNumber","decl":{"start":{"line":23,"column":9},"end":{"line":23,"column":20}},"loc":{"start":{"line":23,"column":56},"end":{"line":31,"column":1}}},"2":{"name":"parseBoolean","decl":{"start":{"line":34,"column":9},"end":{"line":34,"column":21}},"loc":{"start":{"line":34,"column":58},"end":{"line":43,"column":1}}},"3":{"name":"parseString","decl":{"start":{"line":46,"column":9},"end":{"line":46,"column":20}},"loc":{"start":{"line":46,"column":35},"end":{"line":48,"column":1}}},"4":{"name":"parseValue","decl":{"start":{"line":54,"column":16},"end":{"line":54,"column":26}},"loc":{"start":{"line":57,"column":17},"end":{"line":98,"column":1}}}},"branchMap":{"0":{"loc":{"start":{"line":24,"column":14},"end":{"line":24,"column":63}},"type":"cond-expr","locations":[{"start":{"line":24,"column":42},"end":{"line":24,"column":47}},{"start":{"line":24,"column":50},"end":{"line":24,"column":63}}]},"1":{"loc":{"start":{"line":26,"column":2},"end":{"line":28,"column":3}},"type":"if","locations":[{"start":{"line":26,"column":2},"end":{"line":28,"column":3}},{"start":{},"end":{}}]},"2":{"loc":{"start":{"line":35,"column":2},"end":{"line":35,"column":47}},"type":"if","locations":[{"start":{"line":35,"column":2},"end":{"line":35,"column":47}},{"start":{},"end":{}}]},"3":{"loc":{"start":{"line":39,"column":2},"end":{"line":39,"column":61}},"type":"if","locations":[{"start":{"line":39,"column":2},"end":{"line":39,"column":61}},{"start":{},"end":{}}]},"4":{"loc":{"start":{"line":40,"column":2},"end":{"line":40,"column":62}},"type":"if","locations":[{"start":{"line":40,"column":2},"end":{"line":40,"column":62}},{"start":{},"end":{}}]},"5":{"loc":{"start":{"line":60,"column":2},"end":{"line":62,"column":3}},"type":"if","locations":[{"start":{"line":60,"column":2},"end":{"line":62,"column":3}},{"start":{},"end":{}}]},"6":{"loc":{"start":{"line":60,"column":6},"end":{"line":60,"column":49}},"type":"binary-expr","locations":[{"start":{"line":60,"column":6},"end":{"line":60,"column":28}},{"start":{"line":60,"column":32},"end":{"line":60,"column":49}}]},"7":{"loc":{"start":{"line":66,"column":2},"end":{"line":81,"column":3}},"type":"switch","locations":[{"start":{"line":67,"column":4},"end":{"line":69,"column":12}},{"start":{"line":71,"column":4},"end":{"line":73,"column":12}},{"start":{"line":75,"column":4},"end":{"line":77,"column":12}},{"start":{"line":79,"column":4},"end":{"line":80,"column":59}}]},"8":{"loc":{"start":{"line":86,"column":2},"end":{"line":95,"column":3}},"type":"if","locations":[{"start":{"line":86,"column":2},"end":{"line":95,"column":3}},{"start":{},"end":{}}]},"9":{"loc":{"start":{"line":89,"column":4},"end":{"line":94,"column":5}},"type":"if","locations":[{"start":{"line":89,"column":4},"end":{"line":94,"column":5}},{"start":{},"end":{}}]}},"s":{"0":6,"1":5,"2":5,"3":1,"4":4,"5":5,"6":1,"7":4,"8":4,"9":1,"10":3,"11":2,"12":1,"13":4,"14":17,"15":2,"16":15,"17":5,"18":4,"19":5,"20":4,"21":4,"22":4,"23":1,"24":12,"25":2,"26":2,"27":1,"28":11},"f":{"0":6,"1":5,"2":5,"3":4,"4":17},"b":{"0":[2,3],"1":[1,4],"2":[1,4],"3":[1,3],"4":[2,1],"5":[2,15],"6":[17,15],"7":[5,5,4,1],"8":[2,10],"9":[1,1]}}
}
