TN:
SF:src\createEnv.ts
FN:7,createEnv
FNF:1
FNH:1
FNDA:8,createEnv
DA:5,1
DA:11,8
DA:14,8
DA:15,2
DA:17,2
DA:18,4
DA:20,3
DA:21,1
DA:27,7
DA:28,10
DA:29,10
DA:31,10
DA:33,9
DA:34,3
DA:35,1
DA:36,2
DA:37,1
DA:41,8
DA:43,7
DA:46,5
LF:20
LH:20
BRDA:14,0,0,2
BRDA:14,0,1,6
BRDA:14,1,0,8
BRDA:14,1,1,3
BRDA:15,2,0,2
BRDA:15,2,1,1
BRDA:18,3,0,1
BRDA:18,3,1,3
BRDA:18,4,0,4
BRDA:18,4,1,2
BRDA:20,5,0,1
BRDA:20,5,1,2
BRDA:31,6,0,1
BRDA:31,6,1,9
BRDA:33,7,0,3
BRDA:33,7,1,6
BRDA:33,8,0,9
BRDA:33,8,1,6
BRDA:34,9,0,1
BRDA:34,9,1,2
BRDA:36,10,0,1
BRDA:36,10,1,1
BRF:22
BRH:22
end_of_record
TN:
SF:src\parseValue.ts
FN:15,createError
FN:23,parseNumber
FN:34,parseBoolean
FN:46,parseString
FN:54,parseValue
FNF:5
FNH:5
FNDA:6,createError
FNDA:5,parseNumber
FNDA:5,parseBoolean
FNDA:4,parseString
FNDA:17,parseValue
DA:16,6
DA:24,5
DA:26,5
DA:27,1
DA:30,4
DA:35,5
DA:37,4
DA:39,4
DA:40,3
DA:42,1
DA:47,4
DA:60,17
DA:61,2
DA:66,15
DA:68,5
DA:69,4
DA:72,5
DA:73,4
DA:76,4
DA:77,4
DA:80,1
DA:86,12
DA:87,2
DA:89,2
DA:90,1
DA:97,11
LF:26
LH:26
BRDA:24,0,0,2
BRDA:24,0,1,3
BRDA:26,1,0,1
BRDA:26,1,1,4
BRDA:35,2,0,1
BRDA:35,2,1,4
BRDA:39,3,0,1
BRDA:39,3,1,3
BRDA:40,4,0,2
BRDA:40,4,1,1
BRDA:60,5,0,2
BRDA:60,5,1,15
BRDA:60,6,0,17
BRDA:60,6,1,15
BRDA:66,7,0,5
BRDA:66,7,1,5
BRDA:66,7,2,4
BRDA:66,7,3,1
BRDA:86,8,0,2
BRDA:86,8,1,10
BRDA:89,9,0,1
BRDA:89,9,1,1
BRF:22
BRH:22
end_of_record
